<?xml version="1.0" encoding="UTF-8"?>
<!-- Generated by org.testng.reporters.JUnitReportReporter -->
<testsuite hostname="HMECL002633" failures="0" tests="1" name="com.test.ChromeTest2" time="6.243" errors="0" timestamp="15 Nov 2019 09:21:05 GMT" skipped="0">
  <testcase classname="com.test.ChromeTest2" name="Test2" time="6.243"/>
</testsuite> <!-- com.test.ChromeTest2 -->
