<?xml version="1.0" encoding="UTF-8"?>
<!-- Generated by org.testng.reporters.JUnitReportReporter -->
<testsuite hostname="HMECL002633" failures="0" tests="1" name="com.test.ChromeTest3" time="29.442" errors="0" timestamp="15 Nov 2019 07:11:36 GMT" skipped="0">
  <testcase classname="com.test.ChromeTest3" name="Test3" time="29.442"/>
</testsuite> <!-- com.test.ChromeTest3 -->
