<?xml version="1.0" encoding="UTF-8"?>
<!-- Generated by org.testng.reporters.JUnitReportReporter -->
<testsuite hostname="HMECL002633" failures="0" tests="1" name="com.test.StartDocker" time="11.553" errors="0" timestamp="15 Nov 2019 06:18:13 GMT" skipped="0">
  <testcase classname="com.test.StartDocker" name="startfile" time="11.553"/>
</testsuite> <!-- com.test.StartDocker -->
