<?xml version="1.0" encoding="UTF-8"?>
<!-- Generated by org.testng.reporters.JUnitReportReporter -->
<testsuite hostname="HMECL002633" failures="0" tests="1" name="com.test.Excel" time="0.745" errors="0" timestamp="18 Nov 2019 06:14:00 GMT" skipped="0">
  <testcase classname="com.test.Excel" name="getdata" time="0.745"/>
</testsuite> <!-- com.test.Excel -->
