<?xml version="1.0" encoding="UTF-8"?>
<!-- Generated by org.testng.reporters.JUnitReportReporter -->
<testsuite hostname="HMECL002633" failures="0" tests="3" name="com.test.DataProvider" time="0.008" errors="0" timestamp="18 Nov 2019 06:39:17 GMT" skipped="0">
  <testcase classname="com.test.DataProvider" name="testcasedata" time="0.006"/>
  <testcase classname="com.test.DataProvider" name="testcasedata" time="0.001"/>
  <testcase classname="com.test.DataProvider" name="testcasedata" time="0.001"/>
</testsuite> <!-- com.test.DataProvider -->
